Build started 2012-02-18 13:06:41.
     1>Project "C:\Users\Ossian\Desktop\GameLogic_0.6\GameLogic\GameLogic.vcxproj" on node 2 (build target(s)).
     1>InitializeBuildStatus:
         Creating "Debug\GameLogic.unsuccessfulbuild" because "AlwaysCreate" was specified.
       ClCompile:
         C:\Program Files (x86)\Microsoft Visual Studio 10.0\VC\bin\CL.exe /c /I..\Soundinc /ZI /nologo /W3 /WX- /Od /Oy- /D WIN32 /D _DEBUG /D _CONSOLE /D _UNICODE /D UNICODE /Gm /EHsc /RTC1 /MDd /GS /fp:precise /Zc:wchar_t /Zc:forScope /Fo"Debug\\" /Fd"Debug\vc100.pdb" /Gd /TP /analyze- /errorReport:prompt Sounds.cpp
         Sounds.cpp
       ResourceCompile:
         All outputs are up-to-date.
       ManifestResourceCompile:
         All outputs are up-to-date.
       Link:
         C:\Program Files (x86)\Microsoft Visual Studio 10.0\VC\bin\link.exe /ERRORREPORT:PROMPT /OUT:"C:\Users\Ossian\Desktop\GameLogic_0.6\Debug\GameLogic.exe" /INCREMENTAL /NOLOGO /LIBPATH:..\Soundlib fmodex_vc.lib kernel32.lib user32.lib gdi32.lib winspool.lib comdlg32.lib advapi32.lib shell32.lib ole32.lib oleaut32.lib uuid.lib odbc32.lib odbccp32.lib /MANIFEST /ManifestFile:"Debug\GameLogic.exe.intermediate.manifest" /MANIFESTUAC:"level='asInvoker' uiAccess='false'" /DEBUG /PDB:"C:\Users\Ossian\Desktop\GameLogic_0.6\Debug\GameLogic.pdb" /SUBSYSTEM:CONSOLE /TLBID:1 /DYNAMICBASE /NXCOMPAT /IMPLIB:"C:\Users\Ossian\Desktop\GameLogic_0.6\Debug\GameLogic.lib" /MACHINE:X86 Debug\GameLogic.res
         Debug\GameLogic.exe.embed.manifest.res
         Debug\FireTower.obj
         Debug\Graph.obj
         Debug\MobTroll.obj
         Debug\Node.obj
         Debug\SlowTower.obj
         Debug\Sounds.obj
         Debug\Logic.obj
         Debug\Main.obj
         Debug\Mob.obj
         Debug\Timer.obj
         Debug\Tower.obj
       Manifest:
         C:\Program Files (x86)\Microsoft SDKs\Windows\v7.0A\bin\mt.exe /nologo /verbose /out:"Debug\GameLogic.exe.embed.manifest" /manifest Debug\GameLogic.exe.intermediate.manifest
         All outputs are up-to-date.
       LinkEmbedManifest:
         All outputs are up-to-date.
         GameLogic.vcxproj -> C:\Users\Ossian\Desktop\GameLogic_0.6\Debug\GameLogic.exe
       FinalizeBuildStatus:
         Deleting file "Debug\GameLogic.unsuccessfulbuild".
         Touching "Debug\GameLogic.lastbuildstate".
     1>Done Building Project "C:\Users\Ossian\Desktop\GameLogic_0.6\GameLogic\GameLogic.vcxproj" (build target(s)).

Build succeeded.

Time Elapsed 00:00:00.67
